

[Window: WeTransfer - Send Large Files & Share Photos Online - Up to 2GB Free - Google Chrome - at 01/03/23 19:27:45] [LCONTROL]w

[Window: Full Song: O SAKI SAKI | Batla House | Nora Fatehi, Tanishk B,Neha K,Tulsi K, B Praak,Vishal-Shekhar - YouTube - Google Chrome - at 01/03/23 19:27:48] [LCONTROL][LSHIFT]N

[Window: New Incognito Tab - Google Chrome - at 01/03/23 19:27:50] pornhub.com


[Window: pornhub.com - Google Chrome - at 01/03/23 19:27:57] xhmaster


[Window: xhmaster - Google Search - Google Chrome - at 01/03/23 19:28:02] [LCONTROL][LCONTROL][LCONTROL][LCONTROL][LSHIFT]

[Window: Untitled - Google Chrome - at 01/03/23 19:28:03] [LSHIFT][LSHIFT][LSHIFT][LSHIFT][LSHIFT][LSHIFT][LSHIFT]

[Window: xhamster.desi - Google Chrome - at 01/03/23 19:28:05] [LCONTROL]w

[Window: xhmaster - Google Search - Google Chrome - at 01/03/23 19:28:07] [LCONTROL][LSHIFT]

[Window: Untitled - Google Chrome - at 01/03/23 19:28:07] [LSHIFT][LSHIFT][LSHIFT][LSHIFT][LSHIFT][LSHIFT]

[Window: X Hamster , best Homemade Clips, Page #1 - Google Chrome - at 01/03/23 19:28:40] [LCONTROL][LCONTROL][LCONTROL][LCONTROL][LCONTROL][LCONTROL][LCONTROL][LCONTROL][LCONTROL]

[Window: Mariaandalex - 2020-01-26-01 - Cam Sham - Google Chrome - at 01/03/23 19:28:58] [LCONTROL]w

[Window: Redirecting... - Google Chrome - at 01/03/23 19:28:58] w

[Window: X Hamster , best Homemade Clips, Page #1 - Google Chrome - at 01/03/23 19:28:58] w

[Window: Xhmaster porn videos, xhmaster xxx sex, xmaster com. - Google Chrome - at 01/03/23 19:28:59] w

[Window: xhmaster - Google Search - Google Chrome - at 01/03/23 19:29:02] [LCONTROL][LCONTROL][LCONTROL][LCONTROL][LCONTROL][LCONTROL][LCONTROL][LCONTROL][LCONTROL][LCONTROL][LCONTROL][LCONTROL][LCONTROL][LCONTROL][LCONTROL][LCONTROL][LCONTROL][LCONTROL][LCONTROL][LCONTROL][LCONTROL]

[Window: en.hdsex.tv - Google Chrome - at 01/03/23 19:29:04] [LCONTROL]w

[Window: xhmaster - Google Search - Google Chrome - at 01/03/23 19:29:06] [LCONTROL][LSHIFT]

[Window: Untitled - Google Chrome - at 01/03/23 19:29:06] [LSHIFT][LSHIFT][LSHIFT][LSHIFT][LSHIFT][LSHIFT][LSHIFT]

[Window: xhamster18.desi - Google Chrome - at 01/03/23 19:29:08] [LCONTROL]w

[Window: xhmaster - Google Search - Google Chrome - at 01/03/23 19:29:10] [LCONTROL][LSHIFT]

[Window: Untitled - Google Chrome - at 01/03/23 19:29:11] [LSHIFT][LSHIFT][LSHIFT][LSHIFT][LSHIFT][LSHIFT]

[Window: xhamster2.com - Google Chrome - at 01/03/23 19:29:13] [LCONTROL]w

[Window: xhmaster - Google Search - Google Chrome - at 01/03/23 19:29:15] [LCONTROL][LCONTROL][LSHIFT]

[Window: Untitled - Google Chrome - at 01/03/23 19:29:16] [LSHIFT][LSHIFT][LSHIFT][LSHIFT][LSHIFT]

[Window: Watch Xhmaster Xxx Videos on Xhmaster.Com - Google Chrome - at 01/03/23 19:29:23] [LCONTROL]w

[Window: xhmaster - Google Search - Google Chrome - at 01/03/23 19:29:27] eproner


[Window: www.eporner.com - Google Chrome - at 01/03/23 19:29:35] [RCONTROL]

[Window: eproner - Google Search - Google Chrome - at 01/03/23 19:29:38] [LCONTROL]w

[Window: Full Song: O SAKI SAKI | Batla House | Nora Fatehi, Tanishk B,Neha K,Tulsi K, B Praak,Vishal-Shekhar - YouTube - Google Chrome - at 01/03/23 19:30:36] [LCONTROL]w

[Window: Shut Down Windows - at 01/03/23 19:30:41] 
